<?xml version="1.0" encoding="UTF-8"?>
<!-- Generated by org.testng.reporters.JUnitReportReporter -->
<testsuite skipped="0" hostname="Deepak-PC" name="ExtendReport.ExtendReport" tests="1" failures="0" timestamp="27 May 2018 11:30:46 GMT" time="10.332" errors="0">
  <testcase name="t" time="10.332" classname="ExtendReport.ExtendReport"/>
</testsuite> <!-- ExtendReport.ExtendReport -->
