<?xml version="1.0" encoding="UTF-8"?>
<!-- Generated by org.testng.reporters.JUnitReportReporter -->
<testsuite skipped="0" hostname="Deepak-PC" name="TestLog4j.Log4jPractice" tests="1" failures="0" timestamp="09 Jun 2018 04:40:38 GMT" time="32.988" errors="0">
  <testcase name="f" time="32.988" classname="TestLog4j.Log4jPractice"/>
</testsuite> <!-- TestLog4j.Log4jPractice -->
